ParallaxScroll/build/outputs/logs/manifest-merger-release-report.txt
-- Merging decision tree log ---
manifest
ADDED from Industrial/ParallaxScroll/AndroidManifest.xml:1:1-12:12
INJECTED from Industrial/ParallaxScroll/AndroidManifest.xml:1:1-12:12
INJECTED from Industrial/ParallaxScroll/AndroidManifest.xml:1:1-12:12
INJECTED from Industrial/ParallaxScroll/AndroidManifest.xml:1:1-12:12
INJECTED from Industrial/ParallaxScroll/AndroidManifest.xml:1:1-12:12
INJECTED from Industrial/ParallaxScroll/AndroidManifest.xml:1:1-12:12
INJECTED from Industrial/ParallaxScroll/AndroidManifest.xml:1:1-12:12
	package
		ADDED from Industrial/ParallaxScroll/AndroidManifest.xml:2:5-41
		INJECTED from Industrial/ParallaxScroll/AndroidManifest.xml
		INJECTED from Industrial/ParallaxScroll/AndroidManifest.xml
	android:versionName
		ADDED from Industrial/ParallaxScroll/AndroidManifest.xml:4:5-30
		INJECTED from Industrial/ParallaxScroll/AndroidManifest.xml
		INJECTED from Industrial/ParallaxScroll/AndroidManifest.xml
	xmlns:tools
		ADDED from Industrial/ParallaxScroll/AndroidManifest.xml:4:31-77
	xmlns:android
		ADDED from Industrial/ParallaxScroll/AndroidManifest.xml:1:11-69
	android:versionCode
		ADDED from Industrial/ParallaxScroll/AndroidManifest.xml:3:5-28
		INJECTED from Industrial/ParallaxScroll/AndroidManifest.xml
		INJECTED from Industrial/ParallaxScroll/AndroidManifest.xml
uses-sdk
ADDED from Industrial/ParallaxScroll/AndroidManifest.xml:6:5-8:41
	android:targetSdkVersion
		ADDED from Industrial/ParallaxScroll/AndroidManifest.xml:8:9-38
	android:minSdkVersion
		ADDED from Industrial/ParallaxScroll/AndroidManifest.xml:7:9-35
application
ADDED from Industrial/ParallaxScroll/AndroidManifest.xml:10:5-57
	tools:ignore
		ADDED from Industrial/ParallaxScroll/AndroidManifest.xml:10:18-55